<?xml version="1.0" encoding="UTF-8"?>
<testng-results ignored="0" total="1" passed="1" failed="0" skipped="0">
  <reporter-output>
  </reporter-output>
  <suite started-at="2023-12-21T16:42:03 IST" name="Default suite" finished-at="2023-12-21T16:42:06 IST" duration-ms="3574">
    <groups>
    </groups>
    <test started-at="2023-12-21T16:42:03 IST" name="Default test" finished-at="2023-12-21T16:42:06 IST" duration-ms="3574">
      <class name="com.simplilearn.testNG.ProjectRedBusTestNG.RedBusChromeDriver">
        <test-method is-config="true" signature="setUp()[pri:0, instance:com.simplilearn.testNG.ProjectRedBusTestNG.RedBusChromeDriver@2f9f7dcf]" started-at="2023-12-21T16:42:03 IST" name="setUp" finished-at="2023-12-21T16:42:06 IST" duration-ms="3525" status="PASS">
          <reporter-output>
          </reporter-output>
        </test-method> <!-- setUp -->
        <test-method signature="verifyTitle()[pri:1, instance:com.simplilearn.testNG.ProjectRedBusTestNG.RedBusChromeDriver@2f9f7dcf]" started-at="2023-12-21T16:42:06 IST" name="verifyTitle" finished-at="2023-12-21T16:42:06 IST" duration-ms="21" status="PASS">
          <reporter-output>
          </reporter-output>
        </test-method> <!-- verifyTitle -->
        <test-method is-config="true" signature="tearDown()[pri:0, instance:com.simplilearn.testNG.ProjectRedBusTestNG.RedBusChromeDriver@2f9f7dcf]" started-at="2023-12-21T16:42:06 IST" name="tearDown" finished-at="2023-12-21T16:42:06 IST" duration-ms="0" status="PASS">
          <reporter-output>
          </reporter-output>
        </test-method> <!-- tearDown -->
      </class> <!-- com.simplilearn.testNG.ProjectRedBusTestNG.RedBusChromeDriver -->
    </test> <!-- Default test -->
  </suite> <!-- Default suite -->
</testng-results>
